25-03-19.10:00:30.678 [main            ] INFO  TradeSettlementOrderServiceTest - Starting TradeSettlementOrderServiceTest using Java 1.8.0_391 on LAPTOP-ERGMVDKD with PID 106776 (started by LENOVO in D:\group-buy-market\group-buy-market-app)
25-03-19.10:00:30.678 [main            ] INFO  TradeSettlementOrderServiceTest - The following 1 profile is active: "dev"
25-03-19.10:00:32.080 [main            ] INFO  RepositoryConfigurationDelegate - Multiple Spring Data modules found, entering strict repository configuration mode
25-03-19.10:00:32.082 [main            ] INFO  RepositoryConfigurationDelegate - Bootstrapping Spring Data Redis repositories in DEFAULT mode.
25-03-19.10:00:32.133 [main            ] INFO  RepositoryConfigurationDelegate - Finished Spring Data repository scanning in 37 ms. Found 0 Redis repository interfaces.
25-03-19.10:00:32.440 [main            ] INFO  PostProcessorRegistrationDelegate$BeanPostProcessorChecker - Bean 'redisClientConfig' of type [com.hongrui.config.RedisClientConfig$$EnhancerBySpringCGLIB$$a4de1eca] is not eligible for getting processed by all BeanPostProcessors (for example: not eligible for auto-proxying)
25-03-19.10:00:32.753 [main            ] INFO  PostProcessorRegistrationDelegate$BeanPostProcessorChecker - Bean 'redis.sdk.config-com.hongrui.config.RedisClientConfigProperties' of type [com.hongrui.config.RedisClientConfigProperties] is not eligible for getting processed by all BeanPostProcessors (for example: not eligible for auto-proxying)
25-03-19.10:00:33.812 [main            ] INFO  Version                - Redisson 3.26.0
25-03-19.10:00:47.313 [main            ] WARN  GenericWebApplicationContext - Exception encountered during context initialization - cancelling refresh attempt: org.springframework.beans.factory.UnsatisfiedDependencyException: Error creating bean with name 'DCCValueBeanFactory' defined in file [D:\group-buy-market\group-buy-market-app\target\classes\com\hongrui\config\DCCValueBeanFactory.class]: Unsatisfied dependency expressed through constructor parameter 0; nested exception is org.springframework.beans.factory.BeanCreationException: Error creating bean with name 'redissonClient' defined in class path resource [com/hongrui/config/RedisClientConfig.class]: Bean instantiation via factory method failed; nested exception is org.springframework.beans.BeanInstantiationException: Failed to instantiate [org.redisson.api.RedissonClient]: Factory method 'redissonClient' threw exception; nested exception is org.redisson.client.RedisConnectionException: java.util.concurrent.ExecutionException: org.redisson.client.RedisConnectionException: Unable to connect to Redis server: localhost/127.0.0.1:16379
25-03-19.10:00:47.322 [main            ] INFO  ConditionEvaluationReportLoggingListener - 

Error starting ApplicationContext. To display the conditions report re-run your application with 'debug' enabled.
25-03-19.10:00:47.342 [main            ] ERROR SpringApplication      - Application run failed
org.springframework.beans.factory.UnsatisfiedDependencyException: Error creating bean with name 'DCCValueBeanFactory' defined in file [D:\group-buy-market\group-buy-market-app\target\classes\com\hongrui\config\DCCValueBeanFactory.class]: Unsatisfied dependency expressed through constructor parameter 0; nested exception is org.springframework.beans.factory.BeanCreationException: Error creating bean with name 'redissonClient' defined in class path resource [com/hongrui/config/RedisClientConfig.class]: Bean instantiation via factory method failed; nested exception is org.springframework.beans.BeanInstantiationException: Failed to instantiate [org.redisson.api.RedissonClient]: Factory method 'redissonClient' threw exception; nested exception is org.redisson.client.RedisConnectionException: java.util.concurrent.ExecutionException: org.redisson.client.RedisConnectionException: Unable to connect to Redis server: localhost/127.0.0.1:16379
	at org.springframework.beans.factory.support.ConstructorResolver.createArgumentArray(ConstructorResolver.java:800)
	at org.springframework.beans.factory.support.ConstructorResolver.autowireConstructor(ConstructorResolver.java:229)
	at org.springframework.beans.factory.support.AbstractAutowireCapableBeanFactory.autowireConstructor(AbstractAutowireCapableBeanFactory.java:1372)
	at org.springframework.beans.factory.support.AbstractAutowireCapableBeanFactory.createBeanInstance(AbstractAutowireCapableBeanFactory.java:1222)
	at org.springframework.beans.factory.support.AbstractAutowireCapableBeanFactory.doCreateBean(AbstractAutowireCapableBeanFactory.java:582)
	at org.springframework.beans.factory.support.AbstractAutowireCapableBeanFactory.createBean(AbstractAutowireCapableBeanFactory.java:542)
	at org.springframework.beans.factory.support.AbstractBeanFactory.lambda$doGetBean$0(AbstractBeanFactory.java:335)
	at org.springframework.beans.factory.support.DefaultSingletonBeanRegistry.getSingleton(DefaultSingletonBeanRegistry.java:234)
	at org.springframework.beans.factory.support.AbstractBeanFactory.doGetBean(AbstractBeanFactory.java:333)
	at org.springframework.beans.factory.support.AbstractBeanFactory.getBean(AbstractBeanFactory.java:213)
	at org.springframework.context.support.PostProcessorRegistrationDelegate.registerBeanPostProcessors(PostProcessorRegistrationDelegate.java:270)
	at org.springframework.context.support.AbstractApplicationContext.registerBeanPostProcessors(AbstractApplicationContext.java:764)
	at org.springframework.context.support.AbstractApplicationContext.refresh(AbstractApplicationContext.java:567)
	at org.springframework.boot.SpringApplication.refresh(SpringApplication.java:731)
	at org.springframework.boot.SpringApplication.refreshContext(SpringApplication.java:408)
	at org.springframework.boot.SpringApplication.run(SpringApplication.java:307)
	at org.springframework.boot.test.context.SpringBootContextLoader.loadContext(SpringBootContextLoader.java:136)
	at org.springframework.test.context.cache.DefaultCacheAwareContextLoaderDelegate.loadContextInternal(DefaultCacheAwareContextLoaderDelegate.java:141)
	at org.springframework.test.context.cache.DefaultCacheAwareContextLoaderDelegate.loadContext(DefaultCacheAwareContextLoaderDelegate.java:90)
	at org.springframework.test.context.support.DefaultTestContext.getApplicationContext(DefaultTestContext.java:124)
	at org.springframework.test.context.web.ServletTestExecutionListener.setUpRequestContextIfNecessary(ServletTestExecutionListener.java:190)
	at org.springframework.test.context.web.ServletTestExecutionListener.prepareTestInstance(ServletTestExecutionListener.java:132)
	at org.springframework.test.context.TestContextManager.prepareTestInstance(TestContextManager.java:248)
	at org.springframework.test.context.junit4.SpringJUnit4ClassRunner.createTest(SpringJUnit4ClassRunner.java:227)
	at org.springframework.test.context.junit4.SpringJUnit4ClassRunner$1.runReflectiveCall(SpringJUnit4ClassRunner.java:289)
	at org.junit.internal.runners.model.ReflectiveCallable.run(ReflectiveCallable.java:12)
	at org.springframework.test.context.junit4.SpringJUnit4ClassRunner.methodBlock(SpringJUnit4ClassRunner.java:291)
	at org.springframework.test.context.junit4.SpringJUnit4ClassRunner.runChild(SpringJUnit4ClassRunner.java:246)
	at org.springframework.test.context.junit4.SpringJUnit4ClassRunner.runChild(SpringJUnit4ClassRunner.java:97)
	at org.junit.runners.ParentRunner$4.run(ParentRunner.java:331)
	at org.junit.runners.ParentRunner$1.schedule(ParentRunner.java:79)
	at org.junit.runners.ParentRunner.runChildren(ParentRunner.java:329)
	at org.junit.runners.ParentRunner.access$100(ParentRunner.java:66)
	at org.junit.runners.ParentRunner$2.evaluate(ParentRunner.java:293)
	at org.springframework.test.context.junit4.statements.RunBeforeTestClassCallbacks.evaluate(RunBeforeTestClassCallbacks.java:61)
	at org.springframework.test.context.junit4.statements.RunAfterTestClassCallbacks.evaluate(RunAfterTestClassCallbacks.java:70)
	at org.junit.runners.ParentRunner$3.evaluate(ParentRunner.java:306)
	at org.junit.runners.ParentRunner.run(ParentRunner.java:413)
	at org.springframework.test.context.junit4.SpringJUnit4ClassRunner.run(SpringJUnit4ClassRunner.java:190)
	at org.junit.runner.JUnitCore.run(JUnitCore.java:137)
	at com.intellij.junit4.JUnit4IdeaTestRunner.startRunnerWithArgs(JUnit4IdeaTestRunner.java:69)
	at com.intellij.rt.junit.IdeaTestRunner$Repeater$1.execute(IdeaTestRunner.java:38)
	at com.intellij.rt.execution.junit.TestsRepeater.repeat(TestsRepeater.java:11)
	at com.intellij.rt.junit.IdeaTestRunner$Repeater.startRunnerWithArgs(IdeaTestRunner.java:35)
	at com.intellij.rt.junit.JUnitStarter.prepareStreamsAndStart(JUnitStarter.java:232)
	at com.intellij.rt.junit.JUnitStarter.main(JUnitStarter.java:55)
Caused by: org.springframework.beans.factory.BeanCreationException: Error creating bean with name 'redissonClient' defined in class path resource [com/hongrui/config/RedisClientConfig.class]: Bean instantiation via factory method failed; nested exception is org.springframework.beans.BeanInstantiationException: Failed to instantiate [org.redisson.api.RedissonClient]: Factory method 'redissonClient' threw exception; nested exception is org.redisson.client.RedisConnectionException: java.util.concurrent.ExecutionException: org.redisson.client.RedisConnectionException: Unable to connect to Redis server: localhost/127.0.0.1:16379
	at org.springframework.beans.factory.support.ConstructorResolver.instantiate(ConstructorResolver.java:658)
	at org.springframework.beans.factory.support.ConstructorResolver.instantiateUsingFactoryMethod(ConstructorResolver.java:638)
	at org.springframework.beans.factory.support.AbstractAutowireCapableBeanFactory.instantiateUsingFactoryMethod(AbstractAutowireCapableBeanFactory.java:1352)
	at org.springframework.beans.factory.support.AbstractAutowireCapableBeanFactory.createBeanInstance(AbstractAutowireCapableBeanFactory.java:1195)
	at org.springframework.beans.factory.support.AbstractAutowireCapableBeanFactory.doCreateBean(AbstractAutowireCapableBeanFactory.java:582)
	at org.springframework.beans.factory.support.AbstractAutowireCapableBeanFactory.createBean(AbstractAutowireCapableBeanFactory.java:542)
	at org.springframework.beans.factory.support.AbstractBeanFactory.lambda$doGetBean$0(AbstractBeanFactory.java:335)
	at org.springframework.beans.factory.support.DefaultSingletonBeanRegistry.getSingleton(DefaultSingletonBeanRegistry.java:234)
	at org.springframework.beans.factory.support.AbstractBeanFactory.doGetBean(AbstractBeanFactory.java:333)
	at org.springframework.beans.factory.support.AbstractBeanFactory.getBean(AbstractBeanFactory.java:208)
	at org.springframework.beans.factory.config.DependencyDescriptor.resolveCandidate(DependencyDescriptor.java:276)
	at org.springframework.beans.factory.support.DefaultListableBeanFactory.doResolveDependency(DefaultListableBeanFactory.java:1391)
	at org.springframework.beans.factory.support.DefaultListableBeanFactory.resolveDependency(DefaultListableBeanFactory.java:1311)
	at org.springframework.beans.factory.support.ConstructorResolver.resolveAutowiredArgument(ConstructorResolver.java:887)
	at org.springframework.beans.factory.support.ConstructorResolver.createArgumentArray(ConstructorResolver.java:791)
	... 45 common frames omitted
Caused by: org.springframework.beans.BeanInstantiationException: Failed to instantiate [org.redisson.api.RedissonClient]: Factory method 'redissonClient' threw exception; nested exception is org.redisson.client.RedisConnectionException: java.util.concurrent.ExecutionException: org.redisson.client.RedisConnectionException: Unable to connect to Redis server: localhost/127.0.0.1:16379
	at org.springframework.beans.factory.support.SimpleInstantiationStrategy.instantiate(SimpleInstantiationStrategy.java:185)
	at org.springframework.beans.factory.support.ConstructorResolver.instantiate(ConstructorResolver.java:653)
	... 59 common frames omitted
Caused by: org.redisson.client.RedisConnectionException: java.util.concurrent.ExecutionException: org.redisson.client.RedisConnectionException: Unable to connect to Redis server: localhost/127.0.0.1:16379
	at org.redisson.connection.MasterSlaveConnectionManager.doConnect(MasterSlaveConnectionManager.java:229)
	at org.redisson.connection.MasterSlaveConnectionManager.connect(MasterSlaveConnectionManager.java:196)
	at org.redisson.config.ConfigSupport.createConnectionManager(ConfigSupport.java:220)
	at org.redisson.Redisson.<init>(Redisson.java:71)
	at org.redisson.Redisson.create(Redisson.java:116)
	at com.hongrui.config.RedisClientConfig.redissonClient(RedisClientConfig.java:53)
	at com.hongrui.config.RedisClientConfig$$EnhancerBySpringCGLIB$$a4de1eca.CGLIB$redissonClient$0(<generated>)
	at com.hongrui.config.RedisClientConfig$$EnhancerBySpringCGLIB$$a4de1eca$$FastClassBySpringCGLIB$$2fce3f4e.invoke(<generated>)
	at org.springframework.cglib.proxy.MethodProxy.invokeSuper(MethodProxy.java:244)
	at org.springframework.context.annotation.ConfigurationClassEnhancer$BeanMethodInterceptor.intercept(ConfigurationClassEnhancer.java:331)
	at com.hongrui.config.RedisClientConfig$$EnhancerBySpringCGLIB$$a4de1eca.redissonClient(<generated>)
	at sun.reflect.NativeMethodAccessorImpl.invoke0(Native Method)
	at sun.reflect.NativeMethodAccessorImpl.invoke(NativeMethodAccessorImpl.java:62)
	at sun.reflect.DelegatingMethodAccessorImpl.invoke(DelegatingMethodAccessorImpl.java:43)
	at java.lang.reflect.Method.invoke(Method.java:498)
	at org.springframework.beans.factory.support.SimpleInstantiationStrategy.instantiate(SimpleInstantiationStrategy.java:154)
	... 60 common frames omitted
Caused by: java.util.concurrent.ExecutionException: org.redisson.client.RedisConnectionException: Unable to connect to Redis server: localhost/127.0.0.1:16379
	at java.util.concurrent.CompletableFuture.reportGet(CompletableFuture.java:357)
	at java.util.concurrent.CompletableFuture.get(CompletableFuture.java:1928)
	at org.redisson.connection.MasterSlaveConnectionManager.doConnect(MasterSlaveConnectionManager.java:225)
	... 75 common frames omitted
Caused by: org.redisson.client.RedisConnectionException: Unable to connect to Redis server: localhost/127.0.0.1:16379
	at org.redisson.connection.ConnectionsHolder.lambda$createConnection$1(ConnectionsHolder.java:183)
	at java.util.concurrent.CompletableFuture.uniWhenComplete(CompletableFuture.java:774)
	at java.util.concurrent.CompletableFuture$UniWhenComplete.tryFire(CompletableFuture.java:750)
	at java.util.concurrent.CompletableFuture.postComplete(CompletableFuture.java:488)
	at java.util.concurrent.CompletableFuture.completeExceptionally(CompletableFuture.java:1990)
	at org.redisson.connection.ConnectionsHolder.promiseFailure(ConnectionsHolder.java:218)
	at org.redisson.connection.ConnectionsHolder.lambda$createConnection$4(ConnectionsHolder.java:204)
	at java.util.concurrent.CompletableFuture.uniWhenComplete(CompletableFuture.java:774)
	at java.util.concurrent.CompletableFuture$UniWhenComplete.tryFire(CompletableFuture.java:750)
	at java.util.concurrent.CompletableFuture.postComplete(CompletableFuture.java:488)
	at java.util.concurrent.CompletableFuture.completeExceptionally(CompletableFuture.java:1990)
	at org.redisson.client.RedisClient$1$2.run(RedisClient.java:308)
	at io.netty.util.concurrent.AbstractEventExecutor.runTask(AbstractEventExecutor.java:174)
	at io.netty.util.concurrent.AbstractEventExecutor.safeExecute(AbstractEventExecutor.java:167)
	at io.netty.util.concurrent.SingleThreadEventExecutor.runAllTasks(SingleThreadEventExecutor.java:470)
	at io.netty.channel.nio.NioEventLoop.run(NioEventLoop.java:569)
	at io.netty.util.concurrent.SingleThreadEventExecutor$4.run(SingleThreadEventExecutor.java:997)
	at io.netty.util.internal.ThreadExecutorMap$2.run(ThreadExecutorMap.java:74)
	at io.netty.util.concurrent.FastThreadLocalRunnable.run(FastThreadLocalRunnable.java:30)
	at java.lang.Thread.run(Thread.java:750)
Caused by: java.util.concurrent.CompletionException: io.netty.channel.AbstractChannel$AnnotatedConnectException: Connection refused: no further information: localhost/127.0.0.1:16379
	at java.util.concurrent.CompletableFuture.encodeRelay(CompletableFuture.java:326)
	at java.util.concurrent.CompletableFuture.completeRelay(CompletableFuture.java:338)
	at java.util.concurrent.CompletableFuture.uniRelay(CompletableFuture.java:925)
	at java.util.concurrent.CompletableFuture$UniRelay.tryFire(CompletableFuture.java:913)
	... 11 common frames omitted
Caused by: io.netty.channel.AbstractChannel$AnnotatedConnectException: Connection refused: no further information: localhost/127.0.0.1:16379
Caused by: java.net.ConnectException: Connection refused: no further information
	at sun.nio.ch.SocketChannelImpl.checkConnect(Native Method)
	at sun.nio.ch.SocketChannelImpl.finishConnect(SocketChannelImpl.java:715)
	at io.netty.channel.socket.nio.NioSocketChannel.doFinishConnect(NioSocketChannel.java:337)
	at io.netty.channel.nio.AbstractNioChannel$AbstractNioUnsafe.finishConnect(AbstractNioChannel.java:334)
	at io.netty.channel.nio.NioEventLoop.processSelectedKey(NioEventLoop.java:776)
	at io.netty.channel.nio.NioEventLoop.processSelectedKeysOptimized(NioEventLoop.java:724)
	at io.netty.channel.nio.NioEventLoop.processSelectedKeys(NioEventLoop.java:650)
	at io.netty.channel.nio.NioEventLoop.run(NioEventLoop.java:562)
	at io.netty.util.concurrent.SingleThreadEventExecutor$4.run(SingleThreadEventExecutor.java:997)
	at io.netty.util.internal.ThreadExecutorMap$2.run(ThreadExecutorMap.java:74)
	at io.netty.util.concurrent.FastThreadLocalRunnable.run(FastThreadLocalRunnable.java:30)
	at java.lang.Thread.run(Thread.java:750)
25-03-19.10:00:47.347 [main            ] ERROR TestContextManager     - Caught exception while allowing TestExecutionListener [org.springframework.test.context.web.ServletTestExecutionListener@ae13544] to prepare test instance [com.hongrui.test.domain.trade.TradeSettlementOrderServiceTest@577536e0]
java.lang.IllegalStateException: Failed to load ApplicationContext
	at org.springframework.test.context.cache.DefaultCacheAwareContextLoaderDelegate.loadContext(DefaultCacheAwareContextLoaderDelegate.java:98)
	at org.springframework.test.context.support.DefaultTestContext.getApplicationContext(DefaultTestContext.java:124)
	at org.springframework.test.context.web.ServletTestExecutionListener.setUpRequestContextIfNecessary(ServletTestExecutionListener.java:190)
	at org.springframework.test.context.web.ServletTestExecutionListener.prepareTestInstance(ServletTestExecutionListener.java:132)
	at org.springframework.test.context.TestContextManager.prepareTestInstance(TestContextManager.java:248)
	at org.springframework.test.context.junit4.SpringJUnit4ClassRunner.createTest(SpringJUnit4ClassRunner.java:227)
	at org.springframework.test.context.junit4.SpringJUnit4ClassRunner$1.runReflectiveCall(SpringJUnit4ClassRunner.java:289)
	at org.junit.internal.runners.model.ReflectiveCallable.run(ReflectiveCallable.java:12)
	at org.springframework.test.context.junit4.SpringJUnit4ClassRunner.methodBlock(SpringJUnit4ClassRunner.java:291)
	at org.springframework.test.context.junit4.SpringJUnit4ClassRunner.runChild(SpringJUnit4ClassRunner.java:246)
	at org.springframework.test.context.junit4.SpringJUnit4ClassRunner.runChild(SpringJUnit4ClassRunner.java:97)
	at org.junit.runners.ParentRunner$4.run(ParentRunner.java:331)
	at org.junit.runners.ParentRunner$1.schedule(ParentRunner.java:79)
	at org.junit.runners.ParentRunner.runChildren(ParentRunner.java:329)
	at org.junit.runners.ParentRunner.access$100(ParentRunner.java:66)
	at org.junit.runners.ParentRunner$2.evaluate(ParentRunner.java:293)
	at org.springframework.test.context.junit4.statements.RunBeforeTestClassCallbacks.evaluate(RunBeforeTestClassCallbacks.java:61)
	at org.springframework.test.context.junit4.statements.RunAfterTestClassCallbacks.evaluate(RunAfterTestClassCallbacks.java:70)
	at org.junit.runners.ParentRunner$3.evaluate(ParentRunner.java:306)
	at org.junit.runners.ParentRunner.run(ParentRunner.java:413)
	at org.springframework.test.context.junit4.SpringJUnit4ClassRunner.run(SpringJUnit4ClassRunner.java:190)
	at org.junit.runner.JUnitCore.run(JUnitCore.java:137)
	at com.intellij.junit4.JUnit4IdeaTestRunner.startRunnerWithArgs(JUnit4IdeaTestRunner.java:69)
	at com.intellij.rt.junit.IdeaTestRunner$Repeater$1.execute(IdeaTestRunner.java:38)
	at com.intellij.rt.execution.junit.TestsRepeater.repeat(TestsRepeater.java:11)
	at com.intellij.rt.junit.IdeaTestRunner$Repeater.startRunnerWithArgs(IdeaTestRunner.java:35)
	at com.intellij.rt.junit.JUnitStarter.prepareStreamsAndStart(JUnitStarter.java:232)
	at com.intellij.rt.junit.JUnitStarter.main(JUnitStarter.java:55)
Caused by: org.springframework.beans.factory.UnsatisfiedDependencyException: Error creating bean with name 'DCCValueBeanFactory' defined in file [D:\group-buy-market\group-buy-market-app\target\classes\com\hongrui\config\DCCValueBeanFactory.class]: Unsatisfied dependency expressed through constructor parameter 0; nested exception is org.springframework.beans.factory.BeanCreationException: Error creating bean with name 'redissonClient' defined in class path resource [com/hongrui/config/RedisClientConfig.class]: Bean instantiation via factory method failed; nested exception is org.springframework.beans.BeanInstantiationException: Failed to instantiate [org.redisson.api.RedissonClient]: Factory method 'redissonClient' threw exception; nested exception is org.redisson.client.RedisConnectionException: java.util.concurrent.ExecutionException: org.redisson.client.RedisConnectionException: Unable to connect to Redis server: localhost/127.0.0.1:16379
	at org.springframework.beans.factory.support.ConstructorResolver.createArgumentArray(ConstructorResolver.java:800)
	at org.springframework.beans.factory.support.ConstructorResolver.autowireConstructor(ConstructorResolver.java:229)
	at org.springframework.beans.factory.support.AbstractAutowireCapableBeanFactory.autowireConstructor(AbstractAutowireCapableBeanFactory.java:1372)
	at org.springframework.beans.factory.support.AbstractAutowireCapableBeanFactory.createBeanInstance(AbstractAutowireCapableBeanFactory.java:1222)
	at org.springframework.beans.factory.support.AbstractAutowireCapableBeanFactory.doCreateBean(AbstractAutowireCapableBeanFactory.java:582)
	at org.springframework.beans.factory.support.AbstractAutowireCapableBeanFactory.createBean(AbstractAutowireCapableBeanFactory.java:542)
	at org.springframework.beans.factory.support.AbstractBeanFactory.lambda$doGetBean$0(AbstractBeanFactory.java:335)
	at org.springframework.beans.factory.support.DefaultSingletonBeanRegistry.getSingleton(DefaultSingletonBeanRegistry.java:234)
	at org.springframework.beans.factory.support.AbstractBeanFactory.doGetBean(AbstractBeanFactory.java:333)
	at org.springframework.beans.factory.support.AbstractBeanFactory.getBean(AbstractBeanFactory.java:213)
	at org.springframework.context.support.PostProcessorRegistrationDelegate.registerBeanPostProcessors(PostProcessorRegistrationDelegate.java:270)
	at org.springframework.context.support.AbstractApplicationContext.registerBeanPostProcessors(AbstractApplicationContext.java:764)
	at org.springframework.context.support.AbstractApplicationContext.refresh(AbstractApplicationContext.java:567)
	at org.springframework.boot.SpringApplication.refresh(SpringApplication.java:731)
	at org.springframework.boot.SpringApplication.refreshContext(SpringApplication.java:408)
	at org.springframework.boot.SpringApplication.run(SpringApplication.java:307)
	at org.springframework.boot.test.context.SpringBootContextLoader.loadContext(SpringBootContextLoader.java:136)
	at org.springframework.test.context.cache.DefaultCacheAwareContextLoaderDelegate.loadContextInternal(DefaultCacheAwareContextLoaderDelegate.java:141)
	at org.springframework.test.context.cache.DefaultCacheAwareContextLoaderDelegate.loadContext(DefaultCacheAwareContextLoaderDelegate.java:90)
	... 27 common frames omitted
Caused by: org.springframework.beans.factory.BeanCreationException: Error creating bean with name 'redissonClient' defined in class path resource [com/hongrui/config/RedisClientConfig.class]: Bean instantiation via factory method failed; nested exception is org.springframework.beans.BeanInstantiationException: Failed to instantiate [org.redisson.api.RedissonClient]: Factory method 'redissonClient' threw exception; nested exception is org.redisson.client.RedisConnectionException: java.util.concurrent.ExecutionException: org.redisson.client.RedisConnectionException: Unable to connect to Redis server: localhost/127.0.0.1:16379
	at org.springframework.beans.factory.support.ConstructorResolver.instantiate(ConstructorResolver.java:658)
	at org.springframework.beans.factory.support.ConstructorResolver.instantiateUsingFactoryMethod(ConstructorResolver.java:638)
	at org.springframework.beans.factory.support.AbstractAutowireCapableBeanFactory.instantiateUsingFactoryMethod(AbstractAutowireCapableBeanFactory.java:1352)
	at org.springframework.beans.factory.support.AbstractAutowireCapableBeanFactory.createBeanInstance(AbstractAutowireCapableBeanFactory.java:1195)
	at org.springframework.beans.factory.support.AbstractAutowireCapableBeanFactory.doCreateBean(AbstractAutowireCapableBeanFactory.java:582)
	at org.springframework.beans.factory.support.AbstractAutowireCapableBeanFactory.createBean(AbstractAutowireCapableBeanFactory.java:542)
	at org.springframework.beans.factory.support.AbstractBeanFactory.lambda$doGetBean$0(AbstractBeanFactory.java:335)
	at org.springframework.beans.factory.support.DefaultSingletonBeanRegistry.getSingleton(DefaultSingletonBeanRegistry.java:234)
	at org.springframework.beans.factory.support.AbstractBeanFactory.doGetBean(AbstractBeanFactory.java:333)
	at org.springframework.beans.factory.support.AbstractBeanFactory.getBean(AbstractBeanFactory.java:208)
	at org.springframework.beans.factory.config.DependencyDescriptor.resolveCandidate(DependencyDescriptor.java:276)
	at org.springframework.beans.factory.support.DefaultListableBeanFactory.doResolveDependency(DefaultListableBeanFactory.java:1391)
	at org.springframework.beans.factory.support.DefaultListableBeanFactory.resolveDependency(DefaultListableBeanFactory.java:1311)
	at org.springframework.beans.factory.support.ConstructorResolver.resolveAutowiredArgument(ConstructorResolver.java:887)
	at org.springframework.beans.factory.support.ConstructorResolver.createArgumentArray(ConstructorResolver.java:791)
	... 45 common frames omitted
Caused by: org.springframework.beans.BeanInstantiationException: Failed to instantiate [org.redisson.api.RedissonClient]: Factory method 'redissonClient' threw exception; nested exception is org.redisson.client.RedisConnectionException: java.util.concurrent.ExecutionException: org.redisson.client.RedisConnectionException: Unable to connect to Redis server: localhost/127.0.0.1:16379
	at org.springframework.beans.factory.support.SimpleInstantiationStrategy.instantiate(SimpleInstantiationStrategy.java:185)
	at org.springframework.beans.factory.support.ConstructorResolver.instantiate(ConstructorResolver.java:653)
	... 59 common frames omitted
Caused by: org.redisson.client.RedisConnectionException: java.util.concurrent.ExecutionException: org.redisson.client.RedisConnectionException: Unable to connect to Redis server: localhost/127.0.0.1:16379
	at org.redisson.connection.MasterSlaveConnectionManager.doConnect(MasterSlaveConnectionManager.java:229)
	at org.redisson.connection.MasterSlaveConnectionManager.connect(MasterSlaveConnectionManager.java:196)
	at org.redisson.config.ConfigSupport.createConnectionManager(ConfigSupport.java:220)
	at org.redisson.Redisson.<init>(Redisson.java:71)
	at org.redisson.Redisson.create(Redisson.java:116)
	at com.hongrui.config.RedisClientConfig.redissonClient(RedisClientConfig.java:53)
	at com.hongrui.config.RedisClientConfig$$EnhancerBySpringCGLIB$$a4de1eca.CGLIB$redissonClient$0(<generated>)
	at com.hongrui.config.RedisClientConfig$$EnhancerBySpringCGLIB$$a4de1eca$$FastClassBySpringCGLIB$$2fce3f4e.invoke(<generated>)
	at org.springframework.cglib.proxy.MethodProxy.invokeSuper(MethodProxy.java:244)
	at org.springframework.context.annotation.ConfigurationClassEnhancer$BeanMethodInterceptor.intercept(ConfigurationClassEnhancer.java:331)
	at com.hongrui.config.RedisClientConfig$$EnhancerBySpringCGLIB$$a4de1eca.redissonClient(<generated>)
	at sun.reflect.NativeMethodAccessorImpl.invoke0(Native Method)
	at sun.reflect.NativeMethodAccessorImpl.invoke(NativeMethodAccessorImpl.java:62)
	at sun.reflect.DelegatingMethodAccessorImpl.invoke(DelegatingMethodAccessorImpl.java:43)
	at java.lang.reflect.Method.invoke(Method.java:498)
	at org.springframework.beans.factory.support.SimpleInstantiationStrategy.instantiate(SimpleInstantiationStrategy.java:154)
	... 60 common frames omitted
Caused by: java.util.concurrent.ExecutionException: org.redisson.client.RedisConnectionException: Unable to connect to Redis server: localhost/127.0.0.1:16379
	at java.util.concurrent.CompletableFuture.reportGet(CompletableFuture.java:357)
	at java.util.concurrent.CompletableFuture.get(CompletableFuture.java:1928)
	at org.redisson.connection.MasterSlaveConnectionManager.doConnect(MasterSlaveConnectionManager.java:225)
	... 75 common frames omitted
Caused by: org.redisson.client.RedisConnectionException: Unable to connect to Redis server: localhost/127.0.0.1:16379
	at org.redisson.connection.ConnectionsHolder.lambda$createConnection$1(ConnectionsHolder.java:183)
	at java.util.concurrent.CompletableFuture.uniWhenComplete(CompletableFuture.java:774)
	at java.util.concurrent.CompletableFuture$UniWhenComplete.tryFire(CompletableFuture.java:750)
	at java.util.concurrent.CompletableFuture.postComplete(CompletableFuture.java:488)
	at java.util.concurrent.CompletableFuture.completeExceptionally(CompletableFuture.java:1990)
	at org.redisson.connection.ConnectionsHolder.promiseFailure(ConnectionsHolder.java:218)
	at org.redisson.connection.ConnectionsHolder.lambda$createConnection$4(ConnectionsHolder.java:204)
	at java.util.concurrent.CompletableFuture.uniWhenComplete(CompletableFuture.java:774)
	at java.util.concurrent.CompletableFuture$UniWhenComplete.tryFire(CompletableFuture.java:750)
	at java.util.concurrent.CompletableFuture.postComplete(CompletableFuture.java:488)
	at java.util.concurrent.CompletableFuture.completeExceptionally(CompletableFuture.java:1990)
	at org.redisson.client.RedisClient$1$2.run(RedisClient.java:308)
	at io.netty.util.concurrent.AbstractEventExecutor.runTask(AbstractEventExecutor.java:174)
	at io.netty.util.concurrent.AbstractEventExecutor.safeExecute(AbstractEventExecutor.java:167)
	at io.netty.util.concurrent.SingleThreadEventExecutor.runAllTasks(SingleThreadEventExecutor.java:470)
	at io.netty.channel.nio.NioEventLoop.run(NioEventLoop.java:569)
	at io.netty.util.concurrent.SingleThreadEventExecutor$4.run(SingleThreadEventExecutor.java:997)
	at io.netty.util.internal.ThreadExecutorMap$2.run(ThreadExecutorMap.java:74)
	at io.netty.util.concurrent.FastThreadLocalRunnable.run(FastThreadLocalRunnable.java:30)
	at java.lang.Thread.run(Thread.java:750)
Caused by: java.util.concurrent.CompletionException: io.netty.channel.AbstractChannel$AnnotatedConnectException: Connection refused: no further information: localhost/127.0.0.1:16379
	at java.util.concurrent.CompletableFuture.encodeRelay(CompletableFuture.java:326)
	at java.util.concurrent.CompletableFuture.completeRelay(CompletableFuture.java:338)
	at java.util.concurrent.CompletableFuture.uniRelay(CompletableFuture.java:925)
	at java.util.concurrent.CompletableFuture$UniRelay.tryFire(CompletableFuture.java:913)
	... 11 common frames omitted
Caused by: io.netty.channel.AbstractChannel$AnnotatedConnectException: Connection refused: no further information: localhost/127.0.0.1:16379
Caused by: java.net.ConnectException: Connection refused: no further information
	at sun.nio.ch.SocketChannelImpl.checkConnect(Native Method)
	at sun.nio.ch.SocketChannelImpl.finishConnect(SocketChannelImpl.java:715)
	at io.netty.channel.socket.nio.NioSocketChannel.doFinishConnect(NioSocketChannel.java:337)
	at io.netty.channel.nio.AbstractNioChannel$AbstractNioUnsafe.finishConnect(AbstractNioChannel.java:334)
	at io.netty.channel.nio.NioEventLoop.processSelectedKey(NioEventLoop.java:776)
	at io.netty.channel.nio.NioEventLoop.processSelectedKeysOptimized(NioEventLoop.java:724)
	at io.netty.channel.nio.NioEventLoop.processSelectedKeys(NioEventLoop.java:650)
	at io.netty.channel.nio.NioEventLoop.run(NioEventLoop.java:562)
	at io.netty.util.concurrent.SingleThreadEventExecutor$4.run(SingleThreadEventExecutor.java:997)
	at io.netty.util.internal.ThreadExecutorMap$2.run(ThreadExecutorMap.java:74)
	at io.netty.util.concurrent.FastThreadLocalRunnable.run(FastThreadLocalRunnable.java:30)
	at java.lang.Thread.run(Thread.java:750)
25-03-19.10:02:05.456 [main            ] INFO  TradeSettlementOrderServiceTest - Starting TradeSettlementOrderServiceTest using Java 1.8.0_391 on LAPTOP-ERGMVDKD with PID 125984 (started by LENOVO in D:\group-buy-market\group-buy-market-app)
25-03-19.10:02:05.457 [main            ] INFO  TradeSettlementOrderServiceTest - The following 1 profile is active: "dev"
25-03-19.10:02:07.094 [main            ] INFO  RepositoryConfigurationDelegate - Multiple Spring Data modules found, entering strict repository configuration mode
25-03-19.10:02:07.097 [main            ] INFO  RepositoryConfigurationDelegate - Bootstrapping Spring Data Redis repositories in DEFAULT mode.
25-03-19.10:02:07.145 [main            ] INFO  RepositoryConfigurationDelegate - Finished Spring Data repository scanning in 28 ms. Found 0 Redis repository interfaces.
25-03-19.10:02:07.629 [main            ] INFO  PostProcessorRegistrationDelegate$BeanPostProcessorChecker - Bean 'redisClientConfig' of type [com.hongrui.config.RedisClientConfig$$EnhancerBySpringCGLIB$$f59f82] is not eligible for getting processed by all BeanPostProcessors (for example: not eligible for auto-proxying)
25-03-19.10:02:09.266 [main            ] INFO  PostProcessorRegistrationDelegate$BeanPostProcessorChecker - Bean 'redis.sdk.config-com.hongrui.config.RedisClientConfigProperties' of type [com.hongrui.config.RedisClientConfigProperties] is not eligible for getting processed by all BeanPostProcessors (for example: not eligible for auto-proxying)
25-03-19.10:02:11.560 [main            ] INFO  Version                - Redisson 3.26.0
25-03-19.10:02:13.111 [redisson-netty-1-5] INFO  ConnectionsHolder      - 1 connections initialized for localhost/127.0.0.1:16379
25-03-19.10:02:13.152 [redisson-netty-1-14] INFO  ConnectionsHolder      - 5 connections initialized for localhost/127.0.0.1:16379
25-03-19.10:02:13.313 [main            ] INFO  PostProcessorRegistrationDelegate$BeanPostProcessorChecker - Bean 'redissonClient' of type [org.redisson.Redisson] is not eligible for getting processed by all BeanPostProcessors (for example: not eligible for auto-proxying)
25-03-19.10:02:17.198 [main            ] INFO  EndpointLinksResolver  - Exposing 1 endpoint(s) beneath base path '/actuator'
25-03-19.10:02:17.243 [main            ] INFO  TradeSettlementOrderServiceTest - Started TradeSettlementOrderServiceTest in 12.667 seconds (JVM running for 13.561)
25-03-19.10:02:18.033 [main            ] INFO  TradeSettlementOrderService - 拼团交易-支付订单结算:xfg03 outTradeNo:581909866926
25-03-19.10:02:18.120 [main            ] INFO  HikariDataSource       - HikariPool-1 - Starting...
25-03-19.10:02:22.404 [main            ] INFO  HikariDataSource       - HikariPool-1 - Start completed.
25-03-19.10:02:22.442 [main            ] INFO  TradeSettlementOrderService - 不存在的外部交易单号或用户已退单，不需要做支付订单结算:xfg03 outTradeNo:581909866926
25-03-19.10:02:22.658 [main            ] INFO  TradeSettlementOrderServiceTest - 请求参数:{"channel":"c01","outTradeNo":"581909866926","source":"s01","userId":"xfg03"}
25-03-19.10:02:22.658 [main            ] INFO  TradeSettlementOrderServiceTest - 测试结果:null
25-03-19.10:02:22.669 [SpringApplicationShutdownHook] INFO  HikariDataSource       - HikariPool-1 - Shutdown initiated...
25-03-19.10:02:22.740 [SpringApplicationShutdownHook] INFO  HikariDataSource       - HikariPool-1 - Shutdown completed.
25-03-19.10:04:58.493 [main            ] INFO  TradeSettlementOrderServiceTest - Starting TradeSettlementOrderServiceTest using Java 1.8.0_391 on LAPTOP-ERGMVDKD with PID 115484 (started by LENOVO in D:\group-buy-market\group-buy-market-app)
25-03-19.10:04:58.493 [main            ] INFO  TradeSettlementOrderServiceTest - The following 1 profile is active: "dev"
25-03-19.10:04:59.721 [main            ] INFO  RepositoryConfigurationDelegate - Multiple Spring Data modules found, entering strict repository configuration mode
25-03-19.10:04:59.723 [main            ] INFO  RepositoryConfigurationDelegate - Bootstrapping Spring Data Redis repositories in DEFAULT mode.
25-03-19.10:04:59.760 [main            ] INFO  RepositoryConfigurationDelegate - Finished Spring Data repository scanning in 21 ms. Found 0 Redis repository interfaces.
25-03-19.10:05:00.151 [main            ] INFO  PostProcessorRegistrationDelegate$BeanPostProcessorChecker - Bean 'redisClientConfig' of type [com.hongrui.config.RedisClientConfig$$EnhancerBySpringCGLIB$$3ac51b96] is not eligible for getting processed by all BeanPostProcessors (for example: not eligible for auto-proxying)
25-03-19.10:05:00.489 [main            ] INFO  PostProcessorRegistrationDelegate$BeanPostProcessorChecker - Bean 'redis.sdk.config-com.hongrui.config.RedisClientConfigProperties' of type [com.hongrui.config.RedisClientConfigProperties] is not eligible for getting processed by all BeanPostProcessors (for example: not eligible for auto-proxying)
25-03-19.10:05:01.233 [main            ] INFO  Version                - Redisson 3.26.0
25-03-19.10:05:02.073 [redisson-netty-1-6] INFO  ConnectionsHolder      - 1 connections initialized for localhost/127.0.0.1:16379
25-03-19.10:05:02.086 [redisson-netty-1-14] INFO  ConnectionsHolder      - 5 connections initialized for localhost/127.0.0.1:16379
25-03-19.10:05:02.126 [main            ] INFO  PostProcessorRegistrationDelegate$BeanPostProcessorChecker - Bean 'redissonClient' of type [org.redisson.Redisson] is not eligible for getting processed by all BeanPostProcessors (for example: not eligible for auto-proxying)
25-03-19.10:05:04.106 [main            ] INFO  EndpointLinksResolver  - Exposing 1 endpoint(s) beneath base path '/actuator'
25-03-19.10:05:04.152 [main            ] INFO  TradeSettlementOrderServiceTest - Started TradeSettlementOrderServiceTest in 6.221 seconds (JVM running for 7.654)
25-03-19.10:05:04.370 [main            ] INFO  TradeSettlementOrderService - 拼团交易-支付订单结算:xfg03 outTradeNo:581909866926
25-03-19.10:05:04.391 [main            ] INFO  HikariDataSource       - HikariPool-1 - Starting...
25-03-19.10:05:06.374 [main            ] INFO  HikariDataSource       - HikariPool-1 - Start completed.
25-03-19.10:08:26.941 [main            ] INFO  TradeSettlementOrderService - 不存在的外部交易单号或用户已退单，不需要做支付订单结算:xfg03 outTradeNo:581909866926
25-03-19.10:08:26.941 [HikariPool-1 housekeeper] WARN  HikariPool             - HikariPool-1 - Thread starvation or clock leap detected (housekeeper delta=3m50s566ms446µs900ns).
25-03-19.10:08:27.421 [SpringApplicationShutdownHook] INFO  HikariDataSource       - HikariPool-1 - Shutdown initiated...
25-03-19.10:08:27.577 [SpringApplicationShutdownHook] INFO  HikariDataSource       - HikariPool-1 - Shutdown completed.
25-03-19.10:09:48.074 [main            ] INFO  TradeSettlementOrderServiceTest - Starting TradeSettlementOrderServiceTest using Java 1.8.0_391 on LAPTOP-ERGMVDKD with PID 103324 (started by LENOVO in D:\group-buy-market\group-buy-market-app)
25-03-19.10:09:48.074 [main            ] INFO  TradeSettlementOrderServiceTest - The following 1 profile is active: "dev"
25-03-19.10:09:48.709 [main            ] INFO  RepositoryConfigurationDelegate - Multiple Spring Data modules found, entering strict repository configuration mode
25-03-19.10:09:48.711 [main            ] INFO  RepositoryConfigurationDelegate - Bootstrapping Spring Data Redis repositories in DEFAULT mode.
25-03-19.10:09:48.738 [main            ] INFO  RepositoryConfigurationDelegate - Finished Spring Data repository scanning in 16 ms. Found 0 Redis repository interfaces.
25-03-19.10:09:48.962 [main            ] INFO  PostProcessorRegistrationDelegate$BeanPostProcessorChecker - Bean 'redisClientConfig' of type [com.hongrui.config.RedisClientConfig$$EnhancerBySpringCGLIB$$407e0bf2] is not eligible for getting processed by all BeanPostProcessors (for example: not eligible for auto-proxying)
25-03-19.10:09:49.189 [main            ] INFO  PostProcessorRegistrationDelegate$BeanPostProcessorChecker - Bean 'redis.sdk.config-com.hongrui.config.RedisClientConfigProperties' of type [com.hongrui.config.RedisClientConfigProperties] is not eligible for getting processed by all BeanPostProcessors (for example: not eligible for auto-proxying)
25-03-19.10:09:50.208 [main            ] INFO  Version                - Redisson 3.26.0
25-03-19.10:09:51.166 [redisson-netty-1-5] INFO  ConnectionsHolder      - 1 connections initialized for localhost/127.0.0.1:16379
25-03-19.10:09:51.184 [redisson-netty-1-14] INFO  ConnectionsHolder      - 5 connections initialized for localhost/127.0.0.1:16379
25-03-19.10:09:51.235 [main            ] INFO  PostProcessorRegistrationDelegate$BeanPostProcessorChecker - Bean 'redissonClient' of type [org.redisson.Redisson] is not eligible for getting processed by all BeanPostProcessors (for example: not eligible for auto-proxying)
25-03-19.10:09:53.275 [main            ] INFO  EndpointLinksResolver  - Exposing 1 endpoint(s) beneath base path '/actuator'
25-03-19.10:09:53.315 [main            ] INFO  TradeSettlementOrderServiceTest - Started TradeSettlementOrderServiceTest in 5.536 seconds (JVM running for 6.086)
25-03-19.10:09:53.474 [main            ] INFO  TradeSettlementOrderService - 拼团交易-支付订单结算:xfg03 outTradeNo:581909866926
25-03-19.10:09:53.493 [main            ] INFO  HikariDataSource       - HikariPool-1 - Starting...
25-03-19.10:09:54.508 [main            ] INFO  HikariDataSource       - HikariPool-1 - Start completed.
25-03-19.10:09:54.625 [SpringApplicationShutdownHook] INFO  HikariDataSource       - HikariPool-1 - Shutdown initiated...
25-03-19.10:09:54.642 [SpringApplicationShutdownHook] INFO  HikariDataSource       - HikariPool-1 - Shutdown completed.
25-03-19.10:12:59.035 [main            ] INFO  TradeSettlementOrderServiceTest - Starting TradeSettlementOrderServiceTest using Java 1.8.0_391 on LAPTOP-ERGMVDKD with PID 116536 (started by LENOVO in D:\group-buy-market\group-buy-market-app)
25-03-19.10:12:59.036 [main            ] INFO  TradeSettlementOrderServiceTest - The following 1 profile is active: "dev"
25-03-19.10:12:59.608 [main            ] INFO  RepositoryConfigurationDelegate - Multiple Spring Data modules found, entering strict repository configuration mode
25-03-19.10:12:59.610 [main            ] INFO  RepositoryConfigurationDelegate - Bootstrapping Spring Data Redis repositories in DEFAULT mode.
25-03-19.10:12:59.636 [main            ] INFO  RepositoryConfigurationDelegate - Finished Spring Data repository scanning in 17 ms. Found 0 Redis repository interfaces.
25-03-19.10:12:59.850 [main            ] INFO  PostProcessorRegistrationDelegate$BeanPostProcessorChecker - Bean 'redisClientConfig' of type [com.hongrui.config.RedisClientConfig$$EnhancerBySpringCGLIB$$f2cc28d0] is not eligible for getting processed by all BeanPostProcessors (for example: not eligible for auto-proxying)
25-03-19.10:13:00.072 [main            ] INFO  PostProcessorRegistrationDelegate$BeanPostProcessorChecker - Bean 'redis.sdk.config-com.hongrui.config.RedisClientConfigProperties' of type [com.hongrui.config.RedisClientConfigProperties] is not eligible for getting processed by all BeanPostProcessors (for example: not eligible for auto-proxying)
25-03-19.10:13:02.821 [main            ] INFO  Version                - Redisson 3.26.0
25-03-19.10:13:05.242 [redisson-netty-1-7] INFO  ConnectionsHolder      - 1 connections initialized for localhost/127.0.0.1:16379
25-03-19.10:13:05.386 [redisson-netty-1-14] INFO  ConnectionsHolder      - 5 connections initialized for localhost/127.0.0.1:16379
25-03-19.10:13:05.418 [main            ] INFO  PostProcessorRegistrationDelegate$BeanPostProcessorChecker - Bean 'redissonClient' of type [org.redisson.Redisson] is not eligible for getting processed by all BeanPostProcessors (for example: not eligible for auto-proxying)
25-03-19.10:13:07.067 [main            ] INFO  EndpointLinksResolver  - Exposing 1 endpoint(s) beneath base path '/actuator'
25-03-19.10:13:07.106 [main            ] INFO  TradeSettlementOrderServiceTest - Started TradeSettlementOrderServiceTest in 8.338 seconds (JVM running for 8.88)
25-03-19.10:13:07.249 [main            ] INFO  TradeSettlementOrderService - 拼团交易-支付订单结算:xfg03 outTradeNo:581909866926
25-03-19.10:13:07.266 [main            ] INFO  HikariDataSource       - HikariPool-1 - Starting...
25-03-19.10:13:09.330 [main            ] INFO  HikariDataSource       - HikariPool-1 - Start completed.
25-03-19.10:13:09.442 [SpringApplicationShutdownHook] INFO  HikariDataSource       - HikariPool-1 - Shutdown initiated...
25-03-19.10:13:09.445 [SpringApplicationShutdownHook] INFO  HikariDataSource       - HikariPool-1 - Shutdown completed.
25-03-19.10:16:22.655 [main            ] INFO  TradeSettlementOrderServiceTest - Starting TradeSettlementOrderServiceTest using Java 1.8.0_391 on LAPTOP-ERGMVDKD with PID 127716 (started by LENOVO in D:\group-buy-market\group-buy-market-app)
25-03-19.10:16:22.655 [main            ] INFO  TradeSettlementOrderServiceTest - The following 1 profile is active: "dev"
25-03-19.10:16:23.343 [main            ] INFO  RepositoryConfigurationDelegate - Multiple Spring Data modules found, entering strict repository configuration mode
25-03-19.10:16:23.343 [main            ] INFO  RepositoryConfigurationDelegate - Bootstrapping Spring Data Redis repositories in DEFAULT mode.
25-03-19.10:16:23.370 [main            ] INFO  RepositoryConfigurationDelegate - Finished Spring Data repository scanning in 16 ms. Found 0 Redis repository interfaces.
25-03-19.10:16:23.591 [main            ] INFO  PostProcessorRegistrationDelegate$BeanPostProcessorChecker - Bean 'redisClientConfig' of type [com.hongrui.config.RedisClientConfig$$EnhancerBySpringCGLIB$$37095882] is not eligible for getting processed by all BeanPostProcessors (for example: not eligible for auto-proxying)
25-03-19.10:16:23.799 [main            ] INFO  PostProcessorRegistrationDelegate$BeanPostProcessorChecker - Bean 'redis.sdk.config-com.hongrui.config.RedisClientConfigProperties' of type [com.hongrui.config.RedisClientConfigProperties] is not eligible for getting processed by all BeanPostProcessors (for example: not eligible for auto-proxying)
25-03-19.10:16:24.733 [main            ] INFO  Version                - Redisson 3.26.0
25-03-19.10:16:25.439 [redisson-netty-1-5] INFO  ConnectionsHolder      - 1 connections initialized for localhost/127.0.0.1:16379
25-03-19.10:16:25.449 [redisson-netty-1-14] INFO  ConnectionsHolder      - 5 connections initialized for localhost/127.0.0.1:16379
25-03-19.10:16:25.482 [main            ] INFO  PostProcessorRegistrationDelegate$BeanPostProcessorChecker - Bean 'redissonClient' of type [org.redisson.Redisson] is not eligible for getting processed by all BeanPostProcessors (for example: not eligible for auto-proxying)
25-03-19.10:16:27.112 [main            ] INFO  EndpointLinksResolver  - Exposing 1 endpoint(s) beneath base path '/actuator'
25-03-19.10:16:27.155 [main            ] INFO  TradeSettlementOrderServiceTest - Started TradeSettlementOrderServiceTest in 4.786 seconds (JVM running for 5.356)
25-03-19.10:16:27.313 [main            ] INFO  TradeSettlementOrderService - 拼团交易-支付订单结算:xfg04 outTradeNo:451517755304
25-03-19.10:16:27.330 [main            ] INFO  HikariDataSource       - HikariPool-1 - Starting...
25-03-19.10:16:28.025 [main            ] INFO  HikariDataSource       - HikariPool-1 - Start completed.
25-03-19.10:16:28.110 [SpringApplicationShutdownHook] INFO  HikariDataSource       - HikariPool-1 - Shutdown initiated...
25-03-19.10:16:28.114 [SpringApplicationShutdownHook] INFO  HikariDataSource       - HikariPool-1 - Shutdown completed.
25-03-19.10:24:50.953 [main            ] INFO  TradeSettlementOrderServiceTest - Starting TradeSettlementOrderServiceTest using Java 1.8.0_391 on LAPTOP-ERGMVDKD with PID 123548 (started by LENOVO in D:\group-buy-market\group-buy-market-app)
25-03-19.10:24:50.961 [main            ] INFO  TradeSettlementOrderServiceTest - The following 1 profile is active: "dev"
25-03-19.10:24:51.696 [main            ] INFO  RepositoryConfigurationDelegate - Multiple Spring Data modules found, entering strict repository configuration mode
25-03-19.10:24:51.698 [main            ] INFO  RepositoryConfigurationDelegate - Bootstrapping Spring Data Redis repositories in DEFAULT mode.
25-03-19.10:24:51.727 [main            ] INFO  RepositoryConfigurationDelegate - Finished Spring Data repository scanning in 16 ms. Found 0 Redis repository interfaces.
25-03-19.10:24:51.959 [main            ] INFO  PostProcessorRegistrationDelegate$BeanPostProcessorChecker - Bean 'redisClientConfig' of type [com.hongrui.config.RedisClientConfig$$EnhancerBySpringCGLIB$$37095882] is not eligible for getting processed by all BeanPostProcessors (for example: not eligible for auto-proxying)
25-03-19.10:24:52.222 [main            ] INFO  PostProcessorRegistrationDelegate$BeanPostProcessorChecker - Bean 'redis.sdk.config-com.hongrui.config.RedisClientConfigProperties' of type [com.hongrui.config.RedisClientConfigProperties] is not eligible for getting processed by all BeanPostProcessors (for example: not eligible for auto-proxying)
25-03-19.10:24:53.195 [main            ] INFO  Version                - Redisson 3.26.0
25-03-19.10:24:53.825 [redisson-netty-1-5] INFO  ConnectionsHolder      - 1 connections initialized for localhost/127.0.0.1:16379
25-03-19.10:24:53.835 [redisson-netty-1-14] INFO  ConnectionsHolder      - 5 connections initialized for localhost/127.0.0.1:16379
25-03-19.10:24:53.870 [main            ] INFO  PostProcessorRegistrationDelegate$BeanPostProcessorChecker - Bean 'redissonClient' of type [org.redisson.Redisson] is not eligible for getting processed by all BeanPostProcessors (for example: not eligible for auto-proxying)
25-03-19.10:24:55.394 [main            ] INFO  EndpointLinksResolver  - Exposing 1 endpoint(s) beneath base path '/actuator'
25-03-19.10:24:55.427 [main            ] INFO  TradeSettlementOrderServiceTest - Started TradeSettlementOrderServiceTest in 4.761 seconds (JVM running for 5.425)
25-03-19.10:24:55.644 [main            ] INFO  TradeSettlementOrderService - 拼团交易-支付订单结算:xfg03 outTradeNo:581909866926
25-03-19.10:24:55.661 [main            ] INFO  HikariDataSource       - HikariPool-1 - Starting...
25-03-19.10:24:56.673 [main            ] INFO  HikariDataSource       - HikariPool-1 - Start completed.
25-03-19.10:24:56.766 [SpringApplicationShutdownHook] INFO  HikariDataSource       - HikariPool-1 - Shutdown initiated...
25-03-19.10:24:56.770 [SpringApplicationShutdownHook] INFO  HikariDataSource       - HikariPool-1 - Shutdown completed.
25-03-19.10:25:17.001 [main            ] INFO  TradeSettlementOrderServiceTest - Starting TradeSettlementOrderServiceTest using Java 1.8.0_391 on LAPTOP-ERGMVDKD with PID 112632 (started by LENOVO in D:\group-buy-market\group-buy-market-app)
25-03-19.10:25:17.002 [main            ] INFO  TradeSettlementOrderServiceTest - The following 1 profile is active: "dev"
25-03-19.10:25:17.580 [main            ] INFO  RepositoryConfigurationDelegate - Multiple Spring Data modules found, entering strict repository configuration mode
25-03-19.10:25:17.582 [main            ] INFO  RepositoryConfigurationDelegate - Bootstrapping Spring Data Redis repositories in DEFAULT mode.
25-03-19.10:25:17.607 [main            ] INFO  RepositoryConfigurationDelegate - Finished Spring Data repository scanning in 15 ms. Found 0 Redis repository interfaces.
25-03-19.10:25:17.807 [main            ] INFO  PostProcessorRegistrationDelegate$BeanPostProcessorChecker - Bean 'redisClientConfig' of type [com.hongrui.config.RedisClientConfig$$EnhancerBySpringCGLIB$$f2cc28d0] is not eligible for getting processed by all BeanPostProcessors (for example: not eligible for auto-proxying)
25-03-19.10:25:18.004 [main            ] INFO  PostProcessorRegistrationDelegate$BeanPostProcessorChecker - Bean 'redis.sdk.config-com.hongrui.config.RedisClientConfigProperties' of type [com.hongrui.config.RedisClientConfigProperties] is not eligible for getting processed by all BeanPostProcessors (for example: not eligible for auto-proxying)
25-03-19.10:25:18.723 [main            ] INFO  Version                - Redisson 3.26.0
25-03-19.10:25:19.414 [redisson-netty-1-5] INFO  ConnectionsHolder      - 1 connections initialized for localhost/127.0.0.1:16379
25-03-19.10:25:19.424 [redisson-netty-1-14] INFO  ConnectionsHolder      - 5 connections initialized for localhost/127.0.0.1:16379
25-03-19.10:25:19.454 [main            ] INFO  PostProcessorRegistrationDelegate$BeanPostProcessorChecker - Bean 'redissonClient' of type [org.redisson.Redisson] is not eligible for getting processed by all BeanPostProcessors (for example: not eligible for auto-proxying)
25-03-19.10:25:20.880 [main            ] INFO  EndpointLinksResolver  - Exposing 1 endpoint(s) beneath base path '/actuator'
25-03-19.10:25:20.913 [main            ] INFO  TradeSettlementOrderServiceTest - Started TradeSettlementOrderServiceTest in 4.196 seconds (JVM running for 4.718)
25-03-19.10:25:21.048 [main            ] INFO  TradeSettlementOrderService - 拼团交易-支付订单结算:xfg01 outTradeNo:155123092895
25-03-19.10:25:21.064 [main            ] INFO  HikariDataSource       - HikariPool-1 - Starting...
25-03-19.10:25:21.710 [main            ] INFO  HikariDataSource       - HikariPool-1 - Start completed.
25-03-19.10:25:21.774 [SpringApplicationShutdownHook] INFO  HikariDataSource       - HikariPool-1 - Shutdown initiated...
25-03-19.10:25:21.777 [SpringApplicationShutdownHook] INFO  HikariDataSource       - HikariPool-1 - Shutdown completed.
25-03-19.10:25:39.311 [main            ] INFO  TradeSettlementOrderServiceTest - Starting TradeSettlementOrderServiceTest using Java 1.8.0_391 on LAPTOP-ERGMVDKD with PID 116060 (started by LENOVO in D:\group-buy-market\group-buy-market-app)
25-03-19.10:25:39.311 [main            ] INFO  TradeSettlementOrderServiceTest - The following 1 profile is active: "dev"
25-03-19.10:25:39.868 [main            ] INFO  RepositoryConfigurationDelegate - Multiple Spring Data modules found, entering strict repository configuration mode
25-03-19.10:25:39.870 [main            ] INFO  RepositoryConfigurationDelegate - Bootstrapping Spring Data Redis repositories in DEFAULT mode.
25-03-19.10:25:39.900 [main            ] INFO  RepositoryConfigurationDelegate - Finished Spring Data repository scanning in 20 ms. Found 0 Redis repository interfaces.
25-03-19.10:25:40.122 [main            ] INFO  PostProcessorRegistrationDelegate$BeanPostProcessorChecker - Bean 'redisClientConfig' of type [com.hongrui.config.RedisClientConfig$$EnhancerBySpringCGLIB$$37095882] is not eligible for getting processed by all BeanPostProcessors (for example: not eligible for auto-proxying)
25-03-19.10:25:40.328 [main            ] INFO  PostProcessorRegistrationDelegate$BeanPostProcessorChecker - Bean 'redis.sdk.config-com.hongrui.config.RedisClientConfigProperties' of type [com.hongrui.config.RedisClientConfigProperties] is not eligible for getting processed by all BeanPostProcessors (for example: not eligible for auto-proxying)
25-03-19.10:25:41.209 [main            ] INFO  Version                - Redisson 3.26.0
25-03-19.10:25:41.887 [redisson-netty-1-5] INFO  ConnectionsHolder      - 1 connections initialized for localhost/127.0.0.1:16379
25-03-19.10:25:41.906 [redisson-netty-1-14] INFO  ConnectionsHolder      - 5 connections initialized for localhost/127.0.0.1:16379
25-03-19.10:25:41.938 [main            ] INFO  PostProcessorRegistrationDelegate$BeanPostProcessorChecker - Bean 'redissonClient' of type [org.redisson.Redisson] is not eligible for getting processed by all BeanPostProcessors (for example: not eligible for auto-proxying)
25-03-19.10:25:43.393 [main            ] INFO  EndpointLinksResolver  - Exposing 1 endpoint(s) beneath base path '/actuator'
25-03-19.10:25:43.431 [main            ] INFO  TradeSettlementOrderServiceTest - Started TradeSettlementOrderServiceTest in 4.398 seconds (JVM running for 5.025)
25-03-19.10:25:43.592 [main            ] INFO  TradeSettlementOrderService - 拼团交易-支付订单结算:xfg04 outTradeNo:451517755304
25-03-19.10:25:43.611 [main            ] INFO  HikariDataSource       - HikariPool-1 - Starting...
25-03-19.10:25:44.444 [main            ] INFO  HikariDataSource       - HikariPool-1 - Start completed.
25-03-19.10:25:44.502 [SpringApplicationShutdownHook] INFO  HikariDataSource       - HikariPool-1 - Shutdown initiated...
25-03-19.10:25:44.504 [SpringApplicationShutdownHook] INFO  HikariDataSource       - HikariPool-1 - Shutdown completed.
25-03-19.10:28:41.272 [main            ] INFO  TradeSettlementOrderServiceTest - Starting TradeSettlementOrderServiceTest using Java 1.8.0_391 on LAPTOP-ERGMVDKD with PID 114268 (started by LENOVO in D:\group-buy-market\group-buy-market-app)
25-03-19.10:28:41.273 [main            ] INFO  TradeSettlementOrderServiceTest - The following 1 profile is active: "dev"
25-03-19.10:28:42.100 [main            ] INFO  RepositoryConfigurationDelegate - Multiple Spring Data modules found, entering strict repository configuration mode
25-03-19.10:28:42.103 [main            ] INFO  RepositoryConfigurationDelegate - Bootstrapping Spring Data Redis repositories in DEFAULT mode.
25-03-19.10:28:42.139 [main            ] INFO  RepositoryConfigurationDelegate - Finished Spring Data repository scanning in 23 ms. Found 0 Redis repository interfaces.
25-03-19.10:28:42.451 [main            ] INFO  PostProcessorRegistrationDelegate$BeanPostProcessorChecker - Bean 'redisClientConfig' of type [com.hongrui.config.RedisClientConfig$$EnhancerBySpringCGLIB$$406a04ea] is not eligible for getting processed by all BeanPostProcessors (for example: not eligible for auto-proxying)
25-03-19.10:28:42.744 [main            ] INFO  PostProcessorRegistrationDelegate$BeanPostProcessorChecker - Bean 'redis.sdk.config-com.hongrui.config.RedisClientConfigProperties' of type [com.hongrui.config.RedisClientConfigProperties] is not eligible for getting processed by all BeanPostProcessors (for example: not eligible for auto-proxying)
25-03-19.10:28:44.216 [main            ] INFO  Version                - Redisson 3.26.0
25-03-19.10:28:44.920 [redisson-netty-1-5] INFO  ConnectionsHolder      - 1 connections initialized for localhost/127.0.0.1:16379
25-03-19.10:28:44.935 [redisson-netty-1-14] INFO  ConnectionsHolder      - 5 connections initialized for localhost/127.0.0.1:16379
25-03-19.10:28:44.970 [main            ] INFO  PostProcessorRegistrationDelegate$BeanPostProcessorChecker - Bean 'redissonClient' of type [org.redisson.Redisson] is not eligible for getting processed by all BeanPostProcessors (for example: not eligible for auto-proxying)
25-03-19.10:28:47.440 [main            ] INFO  EndpointLinksResolver  - Exposing 1 endpoint(s) beneath base path '/actuator'
25-03-19.10:28:47.517 [main            ] INFO  TradeSettlementOrderServiceTest - Started TradeSettlementOrderServiceTest in 6.67 seconds (JVM running for 7.585)
25-03-19.10:28:47.916 [main            ] INFO  TradeSettlementOrderService - 拼团交易-支付订单结算:xfg04 outTradeNo:451517755304
25-03-19.10:28:47.953 [main            ] INFO  HikariDataSource       - HikariPool-1 - Starting...
25-03-19.10:28:50.575 [main            ] INFO  HikariDataSource       - HikariPool-1 - Start completed.
25-03-19.10:30:11.912 [HikariPool-1 housekeeper] WARN  HikariPool             - HikariPool-1 - Thread starvation or clock leap detected (housekeeper delta=1m51s336ms257µs900ns).
25-03-19.10:33:58.028 [HikariPool-1 housekeeper] WARN  HikariPool             - HikariPool-1 - Thread starvation or clock leap detected (housekeeper delta=3m46s114ms841µs).
25-03-19.10:33:58.062 [SpringApplicationShutdownHook] INFO  HikariDataSource       - HikariPool-1 - Shutdown initiated...
25-03-19.10:33:58.071 [SpringApplicationShutdownHook] INFO  HikariDataSource       - HikariPool-1 - Shutdown completed.
25-03-19.10:34:20.450 [main            ] INFO  TradeSettlementOrderServiceTest - Starting TradeSettlementOrderServiceTest using Java 1.8.0_391 on LAPTOP-ERGMVDKD with PID 120808 (started by LENOVO in D:\group-buy-market\group-buy-market-app)
25-03-19.10:34:20.452 [main            ] INFO  TradeSettlementOrderServiceTest - The following 1 profile is active: "dev"
25-03-19.10:34:21.136 [main            ] INFO  RepositoryConfigurationDelegate - Multiple Spring Data modules found, entering strict repository configuration mode
25-03-19.10:34:21.138 [main            ] INFO  RepositoryConfigurationDelegate - Bootstrapping Spring Data Redis repositories in DEFAULT mode.
25-03-19.10:34:21.166 [main            ] INFO  RepositoryConfigurationDelegate - Finished Spring Data repository scanning in 17 ms. Found 0 Redis repository interfaces.
25-03-19.10:34:21.382 [main            ] INFO  PostProcessorRegistrationDelegate$BeanPostProcessorChecker - Bean 'redisClientConfig' of type [com.hongrui.config.RedisClientConfig$$EnhancerBySpringCGLIB$$36320694] is not eligible for getting processed by all BeanPostProcessors (for example: not eligible for auto-proxying)
25-03-19.10:34:21.614 [main            ] INFO  PostProcessorRegistrationDelegate$BeanPostProcessorChecker - Bean 'redis.sdk.config-com.hongrui.config.RedisClientConfigProperties' of type [com.hongrui.config.RedisClientConfigProperties] is not eligible for getting processed by all BeanPostProcessors (for example: not eligible for auto-proxying)
25-03-19.10:34:22.443 [main            ] INFO  Version                - Redisson 3.26.0
25-03-19.10:34:23.320 [redisson-netty-1-5] INFO  ConnectionsHolder      - 1 connections initialized for localhost/127.0.0.1:16379
25-03-19.10:34:23.328 [redisson-netty-1-14] INFO  ConnectionsHolder      - 5 connections initialized for localhost/127.0.0.1:16379
25-03-19.10:34:23.365 [main            ] INFO  PostProcessorRegistrationDelegate$BeanPostProcessorChecker - Bean 'redissonClient' of type [org.redisson.Redisson] is not eligible for getting processed by all BeanPostProcessors (for example: not eligible for auto-proxying)
25-03-19.10:34:24.847 [main            ] INFO  EndpointLinksResolver  - Exposing 1 endpoint(s) beneath base path '/actuator'
25-03-19.10:34:24.884 [main            ] INFO  TradeSettlementOrderServiceTest - Started TradeSettlementOrderServiceTest in 4.729 seconds (JVM running for 5.265)
25-03-19.10:34:25.037 [main            ] INFO  TradeSettlementOrderService - 拼团交易-支付订单结算:xfg04 outTradeNo:451517755304
25-03-19.10:34:25.053 [main            ] INFO  HikariDataSource       - HikariPool-1 - Starting...
25-03-19.10:34:25.781 [main            ] INFO  HikariDataSource       - HikariPool-1 - Start completed.
25-03-19.10:34:26.021 [main            ] INFO  TradeSettlementOrderServiceTest - 请求参数:{"channel":"c01","outTradeNo":"451517755304","source":"s01","userId":"xfg04"}
25-03-19.10:34:26.024 [main            ] INFO  TradeSettlementOrderServiceTest - 测试结果:{"activityId":100123,"channel":"c01","outTradeNo":"451517755304","source":"s01","teamId":"46832479","userId":"xfg04"}
25-03-19.10:34:26.038 [SpringApplicationShutdownHook] INFO  HikariDataSource       - HikariPool-1 - Shutdown initiated...
25-03-19.10:34:26.051 [SpringApplicationShutdownHook] INFO  HikariDataSource       - HikariPool-1 - Shutdown completed.
25-03-19.10:37:14.680 [main            ] INFO  TradeSettlementOrderServiceTest - Starting TradeSettlementOrderServiceTest using Java 1.8.0_391 on LAPTOP-ERGMVDKD with PID 105588 (started by LENOVO in D:\group-buy-market\group-buy-market-app)
25-03-19.10:37:14.681 [main            ] INFO  TradeSettlementOrderServiceTest - The following 1 profile is active: "dev"
25-03-19.10:37:15.264 [main            ] INFO  RepositoryConfigurationDelegate - Multiple Spring Data modules found, entering strict repository configuration mode
25-03-19.10:37:15.267 [main            ] INFO  RepositoryConfigurationDelegate - Bootstrapping Spring Data Redis repositories in DEFAULT mode.
25-03-19.10:37:15.293 [main            ] INFO  RepositoryConfigurationDelegate - Finished Spring Data repository scanning in 15 ms. Found 0 Redis repository interfaces.
25-03-19.10:37:15.508 [main            ] INFO  PostProcessorRegistrationDelegate$BeanPostProcessorChecker - Bean 'redisClientConfig' of type [com.hongrui.config.RedisClientConfig$$EnhancerBySpringCGLIB$$37095882] is not eligible for getting processed by all BeanPostProcessors (for example: not eligible for auto-proxying)
25-03-19.10:37:15.710 [main            ] INFO  PostProcessorRegistrationDelegate$BeanPostProcessorChecker - Bean 'redis.sdk.config-com.hongrui.config.RedisClientConfigProperties' of type [com.hongrui.config.RedisClientConfigProperties] is not eligible for getting processed by all BeanPostProcessors (for example: not eligible for auto-proxying)
25-03-19.10:37:16.383 [main            ] INFO  Version                - Redisson 3.26.0
25-03-19.10:37:17.072 [redisson-netty-1-5] INFO  ConnectionsHolder      - 1 connections initialized for localhost/127.0.0.1:16379
25-03-19.10:37:17.083 [redisson-netty-1-14] INFO  ConnectionsHolder      - 5 connections initialized for localhost/127.0.0.1:16379
25-03-19.10:37:17.114 [main            ] INFO  PostProcessorRegistrationDelegate$BeanPostProcessorChecker - Bean 'redissonClient' of type [org.redisson.Redisson] is not eligible for getting processed by all BeanPostProcessors (for example: not eligible for auto-proxying)
25-03-19.10:37:18.605 [main            ] INFO  EndpointLinksResolver  - Exposing 1 endpoint(s) beneath base path '/actuator'
25-03-19.10:37:18.644 [main            ] INFO  TradeSettlementOrderServiceTest - Started TradeSettlementOrderServiceTest in 4.242 seconds (JVM running for 4.787)
25-03-19.10:37:18.782 [main            ] INFO  TradeSettlementOrderService - 拼团交易-支付订单结算:xfg01 outTradeNo:155123092895
25-03-19.10:37:18.801 [main            ] INFO  HikariDataSource       - HikariPool-1 - Starting...
25-03-19.10:37:19.538 [main            ] INFO  HikariDataSource       - HikariPool-1 - Start completed.
25-03-19.10:37:19.727 [main            ] INFO  TradeSettlementOrderServiceTest - 请求参数:{"channel":"c01","outTradeNo":"155123092895","source":"s01","userId":"xfg01"}
25-03-19.10:37:19.731 [main            ] INFO  TradeSettlementOrderServiceTest - 测试结果:{"activityId":100123,"channel":"c01","outTradeNo":"155123092895","source":"s01","teamId":"46832479","userId":"xfg01"}
25-03-19.10:37:19.745 [SpringApplicationShutdownHook] INFO  HikariDataSource       - HikariPool-1 - Shutdown initiated...
25-03-19.10:37:19.756 [SpringApplicationShutdownHook] INFO  HikariDataSource       - HikariPool-1 - Shutdown completed.
25-03-19.10:38:11.106 [main            ] INFO  TradeSettlementOrderServiceTest - Starting TradeSettlementOrderServiceTest using Java 1.8.0_391 on LAPTOP-ERGMVDKD with PID 122996 (started by LENOVO in D:\group-buy-market\group-buy-market-app)
25-03-19.10:38:11.107 [main            ] INFO  TradeSettlementOrderServiceTest - The following 1 profile is active: "dev"
25-03-19.10:38:11.771 [main            ] INFO  RepositoryConfigurationDelegate - Multiple Spring Data modules found, entering strict repository configuration mode
25-03-19.10:38:11.772 [main            ] INFO  RepositoryConfigurationDelegate - Bootstrapping Spring Data Redis repositories in DEFAULT mode.
25-03-19.10:38:11.798 [main            ] INFO  RepositoryConfigurationDelegate - Finished Spring Data repository scanning in 16 ms. Found 0 Redis repository interfaces.
25-03-19.10:38:12.034 [main            ] INFO  PostProcessorRegistrationDelegate$BeanPostProcessorChecker - Bean 'redisClientConfig' of type [com.hongrui.config.RedisClientConfig$$EnhancerBySpringCGLIB$$f2cc28d0] is not eligible for getting processed by all BeanPostProcessors (for example: not eligible for auto-proxying)
25-03-19.10:38:12.236 [main            ] INFO  PostProcessorRegistrationDelegate$BeanPostProcessorChecker - Bean 'redis.sdk.config-com.hongrui.config.RedisClientConfigProperties' of type [com.hongrui.config.RedisClientConfigProperties] is not eligible for getting processed by all BeanPostProcessors (for example: not eligible for auto-proxying)
25-03-19.10:38:12.999 [main            ] INFO  Version                - Redisson 3.26.0
25-03-19.10:38:13.806 [redisson-netty-1-5] INFO  ConnectionsHolder      - 1 connections initialized for localhost/127.0.0.1:16379
25-03-19.10:38:13.819 [redisson-netty-1-14] INFO  ConnectionsHolder      - 5 connections initialized for localhost/127.0.0.1:16379
25-03-19.10:38:13.848 [main            ] INFO  PostProcessorRegistrationDelegate$BeanPostProcessorChecker - Bean 'redissonClient' of type [org.redisson.Redisson] is not eligible for getting processed by all BeanPostProcessors (for example: not eligible for auto-proxying)
25-03-19.10:38:15.298 [main            ] INFO  EndpointLinksResolver  - Exposing 1 endpoint(s) beneath base path '/actuator'
25-03-19.10:38:15.332 [main            ] INFO  TradeSettlementOrderServiceTest - Started TradeSettlementOrderServiceTest in 4.502 seconds (JVM running for 5.056)
25-03-19.10:38:15.468 [main            ] INFO  TradeSettlementOrderService - 拼团交易-支付订单结算:xfg03 outTradeNo:581909866926
25-03-19.10:38:15.484 [main            ] INFO  HikariDataSource       - HikariPool-1 - Starting...
25-03-19.10:38:16.281 [main            ] INFO  HikariDataSource       - HikariPool-1 - Start completed.
25-03-19.10:38:16.448 [main            ] INFO  TradeSettlementOrderServiceTest - 请求参数:{"channel":"c01","outTradeNo":"581909866926","source":"s01","userId":"xfg03"}
25-03-19.10:38:16.451 [main            ] INFO  TradeSettlementOrderServiceTest - 测试结果:{"activityId":100123,"channel":"c01","outTradeNo":"581909866926","source":"s01","teamId":"46832479","userId":"xfg03"}
25-03-19.10:38:16.462 [SpringApplicationShutdownHook] INFO  HikariDataSource       - HikariPool-1 - Shutdown initiated...
25-03-19.10:38:16.470 [SpringApplicationShutdownHook] INFO  HikariDataSource       - HikariPool-1 - Shutdown completed.
